1
------------------------------------------------------------------------
2
------------------------------------------------------------------------
3
------------------------------------------------------------------------
4
------------------------------------------------------------------------
5
------------------------------------------------------------------------
6
------------------------------------------------------------------------
7
------------------------------------------------------------------------
8
------------------------------------------------------------------------
9
------------------------------------------------------------------------
10
------------------------------------------------------------------------
11
------------------------------------------------------------------------
12
------------------------------------------------------------------------
13
------------------------------------------------------------------------
14
------------------------------------------------------------------------
15
------------------------------------------------------------------------
16
------------------------------------------------------------------------
17
------------------------------------------------------------------------
18
------------------------------------------------------------------------
19
------------------------------------------------------------------------
20
------------------------------------------------------------------------
21
------------------------------------------------------------------------
22
------------------------------------------------------------------------
23
------------------------------------------------------------------------
24
------------------------------------------------------------------------
25
------------------------------------------------------------------------
370
------------------------------------------------------------------------
371
------------------------------------------------------------------------
372
------------------------------------------------------------------------
373
------------------------------------------------------------------------
374
------------------------------------------------------------------------
375
------------------------------------------------------------------------
376
------------------------------------------------------------------------
377
------------------------------------------------------------------------
378
------------------------------------------------------------------------
379
------------------------------------------------------------------------
380
------------------------------------------------------------------------
381
------------------------------------------------------------------------
467
------------------------------------------------------------------------
468
------------------------------------------------------------------------
469
------------------------------------------------------------------------
470
------------------------------------------------------------------------
471
------------------------------------------------------------------------
472
------------------------------------------------------------------------
533
------------------------------------------------------------------------
534
------------------------------------------------------------------------
535
------------------------------------------------------------------------
587
------------------------------------------------------------------------
619
------------------------------------------------------------------------
620
------------------------------------------------------------------------
621
------------------------------------------------------------------------
665
------------------------------------------------------------------------
666
------------------------------------------------------------------------
667
------------------------------------------------------------------------
668
------------------------------------------------------------------------
698
------------------------------------------------------------------------
710
------------------------------------------------------------------------
711
------------------------------------------------------------------------
712
------------------------------------------------------------------------
713
------------------------------------------------------------------------
714
------------------------------------------------------------------------
715
------------------------------------------------------------------------
716
------------------------------------------------------------------------
717
------------------------------------------------------------------------
718
------------------------------------------------------------------------
719
------------------------------------------------------------------------
720
------------------------------------------------------------------------
721
------------------------------------------------------------------------
722
------------------------------------------------------------------------
723
------------------------------------------------------------------------
724
------------------------------------------------------------------------
725
------------------------------------------------------------------------
726
------------------------------------------------------------------------
727
------------------------------------------------------------------------
728
------------------------------------------------------------------------
729
------------------------------------------------------------------------
730
------------------------------------------------------------------------
731
------------------------------------------------------------------------
732
------------------------------------------------------------------------
733
------------------------------------------------------------------------
734
------------------------------------------------------------------------
735
------------------------------------------------------------------------
736
------------------------------------------------------------------------
737
------------------------------------------------------------------------
738
------------------------------------------------------------------------
739
------------------------------------------------------------------------
1033
------------------------------------------------------------------------
1034
------------------------------------------------------------------------
1035
------------------------------------------------------------------------
1036
------------------------------------------------------------------------
1037
------------------------------------------------------------------------
1038
------------------------------------------------------------------------
1039
------------------------------------------------------------------------
1040
------------------------------------------------------------------------
1041
------------------------------------------------------------------------
1042
------------------------------------------------------------------------
1043
------------------------------------------------------------------------
1044
------------------------------------------------------------------------
1045
------------------------------------------------------------------------
1046
------------------------------------------------------------------------
1047
------------------------------------------------------------------------
1048
------------------------------------------------------------------------
1049
------------------------------------------------------------------------
1050
------------------------------------------------------------------------
1242
------------------------------------------------------------------------
1243
------------------------------------------------------------------------
1244
------------------------------------------------------------------------
1245
------------------------------------------------------------------------
1246
------------------------------------------------------------------------
1247
------------------------------------------------------------------------
1248
------------------------------------------------------------------------
1293
------------------------------------------------------------------------
1294
------------------------------------------------------------------------
1295
------------------------------------------------------------------------
1296
------------------------------------------------------------------------
1297
------------------------------------------------------------------------
1298
------------------------------------------------------------------------
1299
------------------------------------------------------------------------
1300
------------------------------------------------------------------------
1301
------------------------------------------------------------------------
1302
------------------------------------------------------------------------
1303
------------------------------------------------------------------------
1304
------------------------------------------------------------------------
1305
------------------------------------------------------------------------
1306
------------------------------------------------------------------------
1307
------------------------------------------------------------------------
1400
------------------------------------------------------------------------
1401
------------------------------------------------------------------------
1402
------------------------------------------------------------------------
1403
------------------------------------------------------------------------
1404
------------------------------------------------------------------------
1405
------------------------------------------------------------------------
1406
------------------------------------------------------------------------
1407
------------------------------------------------------------------------
1408
------------------------------------------------------------------------
1409
------------------------------------------------------------------------
1410
------------------------------------------------------------------------
1411
------------------------------------------------------------------------
1412
------------------------------------------------------------------------
1413
------------------------------------------------------------------------
1414
------------------------------------------------------------------------
1415
------------------------------------------------------------------------
1416
------------------------------------------------------------------------
1417
------------------------------------------------------------------------
1418
------------------------------------------------------------------------
1419
------------------------------------------------------------------------
1420
------------------------------------------------------------------------
1421
------------------------------------------------------------------------
1422
------------------------------------------------------------------------
1482
------------------------------------------------------------------------
1483
------------------------------------------------------------------------
1484
------------------------------------------------------------------------
1485
------------------------------------------------------------------------
1486
------------------------------------------------------------------------
400 Client Error: Bad Request for url: https://kapi.kakao.com/v1/vision/thumbnail/crop
Traceback (most recent call last):
  File "kakao_vision_thumbnail_api.py", line 38, in <module>
    time.sleep(5)
KeyboardInterrupt
1
------------------------------------------------------------------------
2
------------------------------------------------------------------------
3
------------------------------------------------------------------------
4
------------------------------------------------------------------------
5
------------------------------------------------------------------------
6
------------------------------------------------------------------------
7
------------------------------------------------------------------------
8
------------------------------------------------------------------------
9
------------------------------------------------------------------------
10
------------------------------------------------------------------------
11
------------------------------------------------------------------------
12
------------------------------------------------------------------------
13
------------------------------------------------------------------------
14
------------------------------------------------------------------------
15
------------------------------------------------------------------------
16
------------------------------------------------------------------------
17
------------------------------------------------------------------------
18
------------------------------------------------------------------------
19
------------------------------------------------------------------------
20
------------------------------------------------------------------------
21
------------------------------------------------------------------------
22
------------------------------------------------------------------------
23
------------------------------------------------------------------------
24
------------------------------------------------------------------------
25
------------------------------------------------------------------------
370
------------------------------------------------------------------------
371
------------------------------------------------------------------------
372
------------------------------------------------------------------------
373
------------------------------------------------------------------------
374
------------------------------------------------------------------------
375
------------------------------------------------------------------------
376
------------------------------------------------------------------------
377
------------------------------------------------------------------------
378
------------------------------------------------------------------------
379
------------------------------------------------------------------------
380
------------------------------------------------------------------------
381
------------------------------------------------------------------------
467
------------------------------------------------------------------------
468
------------------------------------------------------------------------
469
------------------------------------------------------------------------
470
------------------------------------------------------------------------
471
------------------------------------------------------------------------
472
------------------------------------------------------------------------
533
------------------------------------------------------------------------
534
------------------------------------------------------------------------
535
------------------------------------------------------------------------
587
------------------------------------------------------------------------
619
------------------------------------------------------------------------
620
------------------------------------------------------------------------
621
------------------------------------------------------------------------
665
------------------------------------------------------------------------
666
------------------------------------------------------------------------
667
------------------------------------------------------------------------
668
------------------------------------------------------------------------
698
------------------------------------------------------------------------
710
------------------------------------------------------------------------
711
------------------------------------------------------------------------
712
------------------------------------------------------------------------
713
------------------------------------------------------------------------
714
------------------------------------------------------------------------
715
------------------------------------------------------------------------
716
------------------------------------------------------------------------
717
------------------------------------------------------------------------
718
------------------------------------------------------------------------
719
------------------------------------------------------------------------
720
------------------------------------------------------------------------
721
------------------------------------------------------------------------
722
------------------------------------------------------------------------
723
------------------------------------------------------------------------
724
------------------------------------------------------------------------
725
------------------------------------------------------------------------
726
------------------------------------------------------------------------
727
------------------------------------------------------------------------
728
------------------------------------------------------------------------
729
------------------------------------------------------------------------
730
------------------------------------------------------------------------
731
------------------------------------------------------------------------
732
------------------------------------------------------------------------
733
------------------------------------------------------------------------
734
------------------------------------------------------------------------
735
------------------------------------------------------------------------
736
------------------------------------------------------------------------
737
------------------------------------------------------------------------
738
------------------------------------------------------------------------
739
------------------------------------------------------------------------
1033
------------------------------------------------------------------------
1034
------------------------------------------------------------------------
1035
------------------------------------------------------------------------
1036
------------------------------------------------------------------------
1037
------------------------------------------------------------------------
1038
------------------------------------------------------------------------
1039
------------------------------------------------------------------------
1040
------------------------------------------------------------------------
1041
------------------------------------------------------------------------
1042
------------------------------------------------------------------------
1043
------------------------------------------------------------------------
1044
------------------------------------------------------------------------
1045
------------------------------------------------------------------------
1046
------------------------------------------------------------------------
1047
------------------------------------------------------------------------
1048
------------------------------------------------------------------------
1049
------------------------------------------------------------------------
1050
------------------------------------------------------------------------
1242
------------------------------------------------------------------------
1243
------------------------------------------------------------------------
1244
------------------------------------------------------------------------
1245
------------------------------------------------------------------------
1246
------------------------------------------------------------------------
1247
------------------------------------------------------------------------
1248
------------------------------------------------------------------------
1293
------------------------------------------------------------------------
1294
------------------------------------------------------------------------
1295
------------------------------------------------------------------------
1296
------------------------------------------------------------------------
1297
------------------------------------------------------------------------
1298
------------------------------------------------------------------------
1299
------------------------------------------------------------------------
1300
------------------------------------------------------------------------
1301
------------------------------------------------------------------------
1302
------------------------------------------------------------------------
1303
------------------------------------------------------------------------
1304
------------------------------------------------------------------------
1305
------------------------------------------------------------------------
1306
------------------------------------------------------------------------
1307
------------------------------------------------------------------------
1400
------------------------------------------------------------------------
1401
------------------------------------------------------------------------
1402
------------------------------------------------------------------------
1403
------------------------------------------------------------------------
1404
------------------------------------------------------------------------
1405
------------------------------------------------------------------------
1406
------------------------------------------------------------------------
1407
------------------------------------------------------------------------
1408
------------------------------------------------------------------------
1409
------------------------------------------------------------------------
1410
------------------------------------------------------------------------
1411
------------------------------------------------------------------------
1412
------------------------------------------------------------------------
1413
------------------------------------------------------------------------
1414
------------------------------------------------------------------------
1415
------------------------------------------------------------------------
1416
------------------------------------------------------------------------
1417
------------------------------------------------------------------------
1418
------------------------------------------------------------------------
1419
------------------------------------------------------------------------
1420
------------------------------------------------------------------------
1421
------------------------------------------------------------------------
1422
------------------------------------------------------------------------
1482
------------------------------------------------------------------------
1483
------------------------------------------------------------------------
1484
------------------------------------------------------------------------
1485
------------------------------------------------------------------------
1486
------------------------------------------------------------------------
1487
------------------------------------------------------------------------
1488
------------------------------------------------------------------------
1489
------------------------------------------------------------------------
1490
------------------------------------------------------------------------
1491
------------------------------------------------------------------------
1492
------------------------------------------------------------------------
1493
------------------------------------------------------------------------
1576
------------------------------------------------------------------------
1577
------------------------------------------------------------------------
1578
------------------------------------------------------------------------
1579
------------------------------------------------------------------------
1580
------------------------------------------------------------------------
1581
------------------------------------------------------------------------
1582
------------------------------------------------------------------------
1583
------------------------------------------------------------------------
1584
------------------------------------------------------------------------
1585
------------------------------------------------------------------------
1686
------------------------------------------------------------------------
1687
------------------------------------------------------------------------
1688
------------------------------------------------------------------------
1689
------------------------------------------------------------------------
1690
------------------------------------------------------------------------
1691
------------------------------------------------------------------------
1692
------------------------------------------------------------------------
1693
------------------------------------------------------------------------
1694
------------------------------------------------------------------------
1695
------------------------------------------------------------------------
1696
------------------------------------------------------------------------
1814
------------------------------------------------------------------------
1815
------------------------------------------------------------------------
1816
------------------------------------------------------------------------
1817
------------------------------------------------------------------------
1818
------------------------------------------------------------------------
1819
------------------------------------------------------------------------
1820
------------------------------------------------------------------------
1821
------------------------------------------------------------------------
